{"total": {"lines":{"total":305,"covered":267,"skipped":0,"pct":87.54},"statements":{"total":314,"covered":275,"skipped":0,"pct":87.57},"functions":{"total":124,"covered":106,"skipped":0,"pct":85.48},"branches":{"total":121,"covered":94,"skipped":0,"pct":77.68},"branchesTrue":{"total":0,"covered":0,"skipped":0,"pct":100}}
,"D:\\projects\\attendo\\front\\src\\components\\AttendanceCalendar.tsx": {"lines":{"total":101,"covered":88,"skipped":0,"pct":87.12},"functions":{"total":46,"covered":40,"skipped":0,"pct":86.95},"statements":{"total":107,"covered":94,"skipped":0,"pct":87.85},"branches":{"total":32,"covered":27,"skipped":0,"pct":84.37}}
,"D:\\projects\\attendo\\front\\src\\components\\ClassAttendanceScreen.tsx": {"lines":{"total":136,"covered":127,"skipped":0,"pct":93.38},"functions":{"total":52,"covered":47,"skipped":0,"pct":90.38},"statements":{"total":136,"covered":127,"skipped":0,"pct":93.38},"branches":{"total":42,"covered":35,"skipped":0,"pct":83.33}}
,"D:\\projects\\attendo\\front\\src\\components\\auth\\Login.tsx": {"lines":{"total":52,"covered":38,"skipped":0,"pct":73.07},"functions":{"total":16,"covered":10,"skipped":0,"pct":62.5},"statements":{"total":55,"covered":40,"skipped":0,"pct":72.72},"branches":{"total":47,"covered":32,"skipped":0,"pct":68.08}}
,"D:\\projects\\attendo\\front\\src\\hooks\\useAuth.ts": {"lines":{"total":5,"covered":5,"skipped":0,"pct":100},"functions":{"total":5,"covered":5,"skipped":0,"pct":100},"statements":{"total":5,"covered":5,"skipped":0,"pct":100},"branches":{"total":0,"covered":0,"skipped":0,"pct":100}}
,"D:\\projects\\attendo\\front\\src\\test\\testUtils.tsx": {"lines":{"total":11,"covered":9,"skipped":0,"pct":81.81},"functions":{"total":5,"covered":4,"skipped":0,"pct":80},"statements":{"total":11,"covered":9,"skipped":0,"pct":81.81},"branches":{"total":0,"covered":0,"skipped":0,"pct":100}}
}
